Using pre-set license
Built from '2020.3/staging' branch; Version is '2020.3.23f1 (c5d91304a876) revision 12966163'; Using compiler version '192528614'; Build Type 'Release'
OS: 'Windows 10 Home Single Language; OS build 19042.1348; Version 2009; 64bit' Language: 'th' Physical Memory: 14274 MB
BatchMode: 1, IsHumanControllingUs: 0, StartBugReporterOnCrash: 0, Is64bit: 1, IsPro: 0

COMMAND LINE ARGUMENTS:
D:\2020.3.23f1\Editor\Unity.exe
-adb2
-batchMode
-noUpm
-name
AssetImportWorker0
-projectPath
D:/การต์/Lab2_Picture manipulation
-logFile
Logs/AssetImportWorker0.log
-srvPort
63888
Successfully changed project path to: D:/การต์/Lab2_Picture manipulation
D:/การต์/Lab2_Picture manipulation
Using Asset Import Pipeline V2.
Refreshing native plugins compatible for Editor in 189.04 ms, found 2 plugins.
Preloading 0 native plugins for Editor in 0.00 ms.
Initialize engine version: 2020.3.23f1 (c5d91304a876)
[Subsystems] Discovering subsystems at path D:/2020.3.23f1/Editor/Data/Resources/UnitySubsystems
[Subsystems] Discovering subsystems at path D:/การต์/Lab2_Picture manipulation/Assets
GfxDevice: creating device client; threaded=0
Direct3D:
    Version:  Direct3D 11.0 [level 11.1]
    Renderer: NVIDIA GeForce GTX 1650 (ID=0x1f91)
    Vendor:   
    VRAM:     3964 MB
    Driver:   27.21.14.5167
Initialize mono
Mono path[0] = 'D:/2020.3.23f1/Editor/Data/Managed'
Mono path[1] = 'D:/2020.3.23f1/Editor/Data/MonoBleedingEdge/lib/mono/unityjit'
Mono config path = 'D:/2020.3.23f1/Editor/Data/MonoBleedingEdge/etc'
Using monoOptions --debugger-agent=transport=dt_socket,embedding=1,server=y,suspend=n,address=127.0.0.1:56248
Begin MonoManager ReloadAssembly
Registering precompiled unity dll's ...
Register platform support module: D:/2020.3.23f1/Editor/Data/PlaybackEngines/WebGLSupport/UnityEditor.WebGL.Extensions.dll
Register platform support module: D:/2020.3.23f1/Editor/Data/PlaybackEngines/WindowsStandaloneSupport/UnityEditor.WindowsStandalone.Extensions.dll
Registered in 0.003979 seconds.
Native extension for WindowsStandalone target not found
Native extension for WebGL target not found
Refreshing native plugins compatible for Editor in 240.99 ms, found 2 plugins.
Preloading 0 native plugins for Editor in 0.00 ms.
Mono: successfully reloaded assembly
- Completed reload, in  2.085 seconds
Domain Reload Profiling:
	ReloadAssembly (2085ms)
		BeginReloadAssembly (166ms)
			ExecutionOrderSort (0ms)
			DisableScriptedObjects (0ms)
			BackupInstance (0ms)
			ReleaseScriptingObjects (0ms)
			CreateAndSetChildDomain (3ms)
		EndReloadAssembly (1694ms)
			LoadAssemblies (165ms)
			RebuildTransferFunctionScriptingTraits (0ms)
			SetupTypeCache (517ms)
			ReleaseScriptCaches (0ms)
			RebuildScriptCaches (114ms)
			SetupLoadedEditorAssemblies (701ms)
				LogAssemblyErrors (0ms)
				InitializePlatformSupportModulesInManaged (17ms)
				SetLoadedEditorAssemblies (2ms)
				RefreshPlugins (241ms)
				BeforeProcessingInitializeOnLoad (62ms)
				ProcessInitializeOnLoadAttributes (283ms)
				ProcessInitializeOnLoadMethodAttributes (95ms)
				AfterProcessingInitializeOnLoad (0ms)
				EditorAssembliesLoaded (1ms)
			ExecutionOrderSort2 (0ms)
			AwakeInstancesAfterBackupRestoration (0ms)
Platform modules already initialized, skipping
Registering precompiled user dll's ...
Registered in 0.019113 seconds.
Begin MonoManager ReloadAssembly
Native extension for WindowsStandalone target not found
Native extension for WebGL target not found
Refreshing native plugins compatible for Editor in 185.55 ms, found 2 plugins.
Preloading 0 native plugins for Editor in 0.00 ms.
Mono: successfully reloaded assembly
- Completed reload, in  3.796 seconds
Domain Reload Profiling:
	ReloadAssembly (3799ms)
		BeginReloadAssembly (449ms)
			ExecutionOrderSort (0ms)
			DisableScriptedObjects (17ms)
			BackupInstance (0ms)
			ReleaseScriptingObjects (0ms)
			CreateAndSetChildDomain (49ms)
		EndReloadAssembly (3164ms)
			LoadAssemblies (290ms)
			RebuildTransferFunctionScriptingTraits (0ms)
			SetupTypeCache (1084ms)
			ReleaseScriptCaches (1ms)
			RebuildScriptCaches (164ms)
			SetupLoadedEditorAssemblies (1181ms)
				LogAssemblyErrors (0ms)
				InitializePlatformSupportModulesInManaged (15ms)
				SetLoadedEditorAssemblies (1ms)
				RefreshPlugins (186ms)
				BeforeProcessingInitializeOnLoad (285ms)
				ProcessInitializeOnLoadAttributes (657ms)
				ProcessInitializeOnLoadMethodAttributes (28ms)
				AfterProcessingInitializeOnLoad (8ms)
				EditorAssembliesLoaded (1ms)
			ExecutionOrderSort2 (0ms)
			AwakeInstancesAfterBackupRestoration (27ms)
Platform modules already initialized, skipping
========================================================================
Worker process is ready to serve import requests
Launched and connected shader compiler UnityShaderCompiler.exe after 0.14 seconds
Refreshing native plugins compatible for Editor in 1.25 ms, found 2 plugins.
Preloading 0 native plugins for Editor in 0.00 ms.
Unloading 2947 Unused Serialized files (Serialized files now loaded: 0)
System memory in use before: 131.6 MB.
System memory in use after: 131.8 MB.

Unloading 20 unused Assets to reduce memory usage. Loaded Objects now: 3382.
Total: 9.524800 ms (FindLiveObjects: 0.487900 ms CreateObjectMapping: 0.166500 ms MarkObjects: 8.652300 ms  DeleteObjects: 0.215700 ms)

AssetImportParameters requested are different than current active one (requested -> active):
  custom:framework-win-MediaFoundation: 216162199b28c13a410421893ffa2e32 -> 
  custom:video-decoder-ogg-theora: a1e56fd34408186e4bbccfd4996cb3dc -> 
  custom:container-muxer-webm: aa71ff27fc2769a1b78a27578f13a17b -> 
  custom:container-demuxer-webm: 4f35f7cbe854078d1ac9338744f61a02 -> 
  custom:container-demuxer-ogg: 62fdf1f143b41e24485cea50d1cbac27 -> 
  custom:video-encoder-webm-vp8: eb34c28f22e8b96e1ab97ce403110664 -> 
  custom:video-codec-MediaFoundation-h265: e54d7ab0439102e2317fc1e4b246158d -> 
  custom:video-decoder-webm-vp8: 9c59270c3fd7afecdb556c50c9e8de78 -> 
  custom:audio-decoder-ogg-vorbis: bf7c407c2cedff20999df2af8eb42d56 -> 
  custom:audio-encoder-webm-vorbis: bf7c407c2cedff20999df2af8eb42d56 -> 
========================================================================
Received Import Request.
  path: Assets/MyShader/Great Sword Slash.fbx
  artifactKey: Guid(66e8180d2b614c14c89a946d2886bfc3) Importer(815301076,1909f56bfc062723c751e8b465ee728b)
Start importing Assets/MyShader/Great Sword Slash.fbx using Guid(66e8180d2b614c14c89a946d2886bfc3) Importer(815301076,1909f56bfc062723c751e8b465ee728b)  -> (artifact id: 'be362678d83f77958a4f507717bfd601') in 1.169169 seconds 
  Import took 1.183975 seconds .

========================================================================
Received Prepare
Registering precompiled user dll's ...
Registered in 0.017422 seconds.
Begin MonoManager ReloadAssembly
Native extension for WindowsStandalone target not found
Native extension for WebGL target not found
Refreshing native plugins compatible for Editor in 1.90 ms, found 2 plugins.
Preloading 0 native plugins for Editor in 0.00 ms.
Mono: successfully reloaded assembly
- Completed reload, in  4.250 seconds
Domain Reload Profiling:
	ReloadAssembly (4252ms)
		BeginReloadAssembly (384ms)
			ExecutionOrderSort (0ms)
			DisableScriptedObjects (27ms)
			BackupInstance (0ms)
			ReleaseScriptingObjects (0ms)
			CreateAndSetChildDomain (110ms)
		EndReloadAssembly (3664ms)
			LoadAssemblies (333ms)
			RebuildTransferFunctionScriptingTraits (0ms)
			SetupTypeCache (1276ms)
			ReleaseScriptCaches (5ms)
			RebuildScriptCaches (174ms)
			SetupLoadedEditorAssemblies (1248ms)
				LogAssemblyErrors (0ms)
				InitializePlatformSupportModulesInManaged (18ms)
				SetLoadedEditorAssemblies (2ms)
				RefreshPlugins (2ms)
				BeforeProcessingInitializeOnLoad (354ms)
				ProcessInitializeOnLoadAttributes (828ms)
				ProcessInitializeOnLoadMethodAttributes (35ms)
				AfterProcessingInitializeOnLoad (8ms)
				EditorAssembliesLoaded (1ms)
			ExecutionOrderSort2 (0ms)
			AwakeInstancesAfterBackupRestoration (67ms)
Platform modules already initialized, skipping
Refreshing native plugins compatible for Editor in 1.35 ms, found 2 plugins.
Preloading 0 native plugins for Editor in 0.00 ms.
Unloading 2833 Unused Serialized files (Serialized files now loaded: 0)
System memory in use before: 143.1 MB.
System memory in use after: 143.3 MB.

Unloading 15 unused Assets to reduce memory usage. Loaded Objects now: 3467.
Total: 13.843500 ms (FindLiveObjects: 1.890800 ms CreateObjectMapping: 0.849500 ms MarkObjects: 11.051400 ms  DeleteObjects: 0.047500 ms)

AssetImportParameters requested are different than current active one (requested -> active):
  custom:framework-win-MediaFoundation: 216162199b28c13a410421893ffa2e32 -> 
  custom:video-decoder-ogg-theora: a1e56fd34408186e4bbccfd4996cb3dc -> 
  custom:container-muxer-webm: aa71ff27fc2769a1b78a27578f13a17b -> 
  custom:container-demuxer-webm: 4f35f7cbe854078d1ac9338744f61a02 -> 
  custom:container-demuxer-ogg: 62fdf1f143b41e24485cea50d1cbac27 -> 
  custom:video-encoder-webm-vp8: eb34c28f22e8b96e1ab97ce403110664 -> 
  custom:video-codec-MediaFoundation-h265: e54d7ab0439102e2317fc1e4b246158d -> 
  custom:video-decoder-webm-vp8: 9c59270c3fd7afecdb556c50c9e8de78 -> 
  custom:audio-decoder-ogg-vorbis: bf7c407c2cedff20999df2af8eb42d56 -> 
  custom:audio-encoder-webm-vorbis: bf7c407c2cedff20999df2af8eb42d56 -> 
========================================================================
Received Import Request.
  Time since last request: 58.404374 seconds.
  path: Assets/MyShader/Great Sword Slash.fbx
  artifactKey: Guid(66e8180d2b614c14c89a946d2886bfc3) Importer(815301076,1909f56bfc062723c751e8b465ee728b)
Start importing Assets/MyShader/Great Sword Slash.fbx using Guid(66e8180d2b614c14c89a946d2886bfc3) Importer(815301076,1909f56bfc062723c751e8b465ee728b)  -> (artifact id: 'ba1709a875326ce2dac784858b5d355c') in 0.863074 seconds 
  Import took 0.890302 seconds .

========================================================================
Received Prepare
Registering precompiled user dll's ...
Registered in 0.011258 seconds.
Begin MonoManager ReloadAssembly
Native extension for WindowsStandalone target not found
Native extension for WebGL target not found
Refreshing native plugins compatible for Editor in 2.12 ms, found 2 plugins.
Preloading 0 native plugins for Editor in 0.00 ms.
Mono: successfully reloaded assembly
- Completed reload, in  4.377 seconds
Domain Reload Profiling:
	ReloadAssembly (4379ms)
		BeginReloadAssembly (335ms)
			ExecutionOrderSort (0ms)
			DisableScriptedObjects (24ms)
			BackupInstance (0ms)
			ReleaseScriptingObjects (0ms)
			CreateAndSetChildDomain (118ms)
		EndReloadAssembly (3844ms)
			LoadAssemblies (320ms)
			RebuildTransferFunctionScriptingTraits (0ms)
			SetupTypeCache (1475ms)
			ReleaseScriptCaches (3ms)
			RebuildScriptCaches (185ms)
			SetupLoadedEditorAssemblies (1266ms)
				LogAssemblyErrors (0ms)
				InitializePlatformSupportModulesInManaged (17ms)
				SetLoadedEditorAssemblies (3ms)
				RefreshPlugins (2ms)
				BeforeProcessingInitializeOnLoad (389ms)
				ProcessInitializeOnLoadAttributes (811ms)
				ProcessInitializeOnLoadMethodAttributes (34ms)
				AfterProcessingInitializeOnLoad (9ms)
				EditorAssembliesLoaded (1ms)
			ExecutionOrderSort2 (0ms)
			AwakeInstancesAfterBackupRestoration (69ms)
Platform modules already initialized, skipping
Refreshing native plugins compatible for Editor in 1.32 ms, found 2 plugins.
Preloading 0 native plugins for Editor in 0.00 ms.
Unloading 2833 Unused Serialized files (Serialized files now loaded: 0)
System memory in use before: 143.3 MB.
System memory in use after: 143.5 MB.

Unloading 15 unused Assets to reduce memory usage. Loaded Objects now: 3505.
Total: 10.826600 ms (FindLiveObjects: 0.626000 ms CreateObjectMapping: 0.267800 ms MarkObjects: 9.861400 ms  DeleteObjects: 0.067800 ms)

AssetImportParameters requested are different than current active one (requested -> active):
  custom:framework-win-MediaFoundation: 216162199b28c13a410421893ffa2e32 -> 
  custom:video-decoder-ogg-theora: a1e56fd34408186e4bbccfd4996cb3dc -> 
  custom:container-muxer-webm: aa71ff27fc2769a1b78a27578f13a17b -> 
  custom:container-demuxer-webm: 4f35f7cbe854078d1ac9338744f61a02 -> 
  custom:container-demuxer-ogg: 62fdf1f143b41e24485cea50d1cbac27 -> 
  custom:video-encoder-webm-vp8: eb34c28f22e8b96e1ab97ce403110664 -> 
  custom:video-codec-MediaFoundation-h265: e54d7ab0439102e2317fc1e4b246158d -> 
  custom:video-decoder-webm-vp8: 9c59270c3fd7afecdb556c50c9e8de78 -> 
  custom:audio-decoder-ogg-vorbis: bf7c407c2cedff20999df2af8eb42d56 -> 
  custom:audio-encoder-webm-vorbis: bf7c407c2cedff20999df2af8eb42d56 -> 
========================================================================
Received Import Request.
  Time since last request: 115.340780 seconds.
  path: Assets/MyShader/Great Sword Slash.fbx
  artifactKey: Guid(66e8180d2b614c14c89a946d2886bfc3) Importer(815301076,1909f56bfc062723c751e8b465ee728b)
Start importing Assets/MyShader/Great Sword Slash.fbx using Guid(66e8180d2b614c14c89a946d2886bfc3) Importer(815301076,1909f56bfc062723c751e8b465ee728b)  -> (artifact id: '5e21eb73034e626ceb90dde279ac3bef') in 0.798641 seconds 
  Import took 0.816696 seconds .

========================================================================
Received Import Request.
  Time since last request: 329.813556 seconds.
  path: Assets/MyShader/Sitting Clap.fbx
  artifactKey: Guid(7eeefc4375e16014ca07baee617012e8) Importer(815301076,1909f56bfc062723c751e8b465ee728b)
Start importing Assets/MyShader/Sitting Clap.fbx using Guid(7eeefc4375e16014ca07baee617012e8) Importer(815301076,1909f56bfc062723c751e8b465ee728b)  -> (artifact id: 'd7c5d1ba93aff6b900cff37ef26c2d2e') in 0.151893 seconds 
  Import took 0.166408 seconds .

========================================================================
Received Import Request.
  Time since last request: 159.372859 seconds.
  path: Assets/MyShader/Sitting
  artifactKey: Guid(6732fb275996c234cb4f8ee0a96bc413) Importer(815301076,1909f56bfc062723c751e8b465ee728b)
Start importing Assets/MyShader/Sitting using Guid(6732fb275996c234cb4f8ee0a96bc413) Importer(815301076,1909f56bfc062723c751e8b465ee728b)  -> (artifact id: 'aa08741ce14d9a6ad9be5e20279bf64e') in 0.023320 seconds 
  Import took 0.048136 seconds .

========================================================================
Received Import Request.
  Time since last request: 8.999318 seconds.
  path: Assets/MyShader/mat
  artifactKey: Guid(fd5e60e293def28459503e8dc281eeb8) Importer(815301076,1909f56bfc062723c751e8b465ee728b)
Start importing Assets/MyShader/mat using Guid(fd5e60e293def28459503e8dc281eeb8) Importer(815301076,1909f56bfc062723c751e8b465ee728b)  -> (artifact id: 'f2f97fdb5e74003e36463edc4cc8dfba') in 0.025204 seconds 
  Import took 0.059886 seconds .

========================================================================
Received Import Request.
  Time since last request: 30.048066 seconds.
  path: Assets/MyShader/Sitting Clap.fbx
  artifactKey: Guid(7eeefc4375e16014ca07baee617012e8) Importer(815301076,1909f56bfc062723c751e8b465ee728b)
Start importing Assets/MyShader/Sitting Clap.fbx using Guid(7eeefc4375e16014ca07baee617012e8) Importer(815301076,1909f56bfc062723c751e8b465ee728b)  -> (artifact id: '9b6fa1a2cfd08a16265053aaf0f2016d') in 0.178030 seconds 
  Import took 0.196128 seconds .

========================================================================
Received Import Request.
  Time since last request: 9.482807 seconds.
  path: Assets/MyShader/Sitting Clap.fbx
  artifactKey: Guid(7eeefc4375e16014ca07baee617012e8) Importer(815301076,1909f56bfc062723c751e8b465ee728b)
Start importing Assets/MyShader/Sitting Clap.fbx using Guid(7eeefc4375e16014ca07baee617012e8) Importer(815301076,1909f56bfc062723c751e8b465ee728b)  -> (artifact id: '89849ca635ea410ac04fcd2443862736') in 0.084666 seconds 
  Import took 0.099324 seconds .

========================================================================
Received Import Request.
  Time since last request: 115.892100 seconds.
  path: Assets/MyShader/Sitting Clap.fbx
  artifactKey: Guid(7eeefc4375e16014ca07baee617012e8) Importer(815301076,1909f56bfc062723c751e8b465ee728b)
Start importing Assets/MyShader/Sitting Clap.fbx using Guid(7eeefc4375e16014ca07baee617012e8) Importer(815301076,1909f56bfc062723c751e8b465ee728b)  -> (artifact id: 'c7557217bf90d285b6dcc709c5e56ed6') in 0.122745 seconds 
  Import took 0.154508 seconds .

========================================================================
Received Import Request.
  Time since last request: 17.268492 seconds.
  path: Assets/MyShader/Sitting Clap.fbx
  artifactKey: Guid(7eeefc4375e16014ca07baee617012e8) Importer(815301076,1909f56bfc062723c751e8b465ee728b)
Start importing Assets/MyShader/Sitting Clap.fbx using Guid(7eeefc4375e16014ca07baee617012e8) Importer(815301076,1909f56bfc062723c751e8b465ee728b)  -> (artifact id: '61dcc18dbfbdd51d19d3d13a0eab2f7c') in 0.113993 seconds 
  Import took 0.129813 seconds .

========================================================================
Received Prepare
Registering precompiled user dll's ...
Registered in 0.011130 seconds.
Begin MonoManager ReloadAssembly
Native extension for WindowsStandalone target not found
Native extension for WebGL target not found
Refreshing native plugins compatible for Editor in 2.17 ms, found 2 plugins.
Preloading 0 native plugins for Editor in 0.00 ms.
Mono: successfully reloaded assembly
- Completed reload, in  3.694 seconds
Domain Reload Profiling:
	ReloadAssembly (3695ms)
		BeginReloadAssembly (348ms)
			ExecutionOrderSort (0ms)
			DisableScriptedObjects (34ms)
			BackupInstance (0ms)
			ReleaseScriptingObjects (0ms)
			CreateAndSetChildDomain (109ms)
		EndReloadAssembly (3142ms)
			LoadAssemblies (325ms)
			RebuildTransferFunctionScriptingTraits (0ms)
			SetupTypeCache (1090ms)
			ReleaseScriptCaches (3ms)
			RebuildScriptCaches (144ms)
			SetupLoadedEditorAssemblies (1088ms)
				LogAssemblyErrors (0ms)
				InitializePlatformSupportModulesInManaged (19ms)
				SetLoadedEditorAssemblies (2ms)
				RefreshPlugins (2ms)
				BeforeProcessingInitializeOnLoad (313ms)
				ProcessInitializeOnLoadAttributes (711ms)
				ProcessInitializeOnLoadMethodAttributes (32ms)
				AfterProcessingInitializeOnLoad (8ms)
				EditorAssembliesLoaded (1ms)
			ExecutionOrderSort2 (0ms)
			AwakeInstancesAfterBackupRestoration (64ms)
Platform modules already initialized, skipping
Refreshing native plugins compatible for Editor in 1.82 ms, found 2 plugins.
Preloading 0 native plugins for Editor in 0.00 ms.
Unloading 2833 Unused Serialized files (Serialized files now loaded: 0)
System memory in use before: 143.4 MB.
System memory in use after: 143.7 MB.

Unloading 15 unused Assets to reduce memory usage. Loaded Objects now: 3543.
Total: 17.407700 ms (FindLiveObjects: 1.409100 ms CreateObjectMapping: 1.240400 ms MarkObjects: 14.675700 ms  DeleteObjects: 0.078300 ms)

AssetImportParameters requested are different than current active one (requested -> active):
  custom:framework-win-MediaFoundation: 216162199b28c13a410421893ffa2e32 -> 
  custom:video-decoder-ogg-theora: a1e56fd34408186e4bbccfd4996cb3dc -> 
  custom:container-muxer-webm: aa71ff27fc2769a1b78a27578f13a17b -> 
  custom:container-demuxer-webm: 4f35f7cbe854078d1ac9338744f61a02 -> 
  custom:container-demuxer-ogg: 62fdf1f143b41e24485cea50d1cbac27 -> 
  custom:video-encoder-webm-vp8: eb34c28f22e8b96e1ab97ce403110664 -> 
  custom:video-codec-MediaFoundation-h265: e54d7ab0439102e2317fc1e4b246158d -> 
  custom:video-decoder-webm-vp8: 9c59270c3fd7afecdb556c50c9e8de78 -> 
  custom:audio-decoder-ogg-vorbis: bf7c407c2cedff20999df2af8eb42d56 -> 
  custom:audio-encoder-webm-vorbis: bf7c407c2cedff20999df2af8eb42d56 -> 
========================================================================
Received Import Request.
  Time since last request: 52.251507 seconds.
  path: Assets/MyShader/sitting.controller
  artifactKey: Guid(536de7c9e10570a45a5001cef9cdcc3a) Importer(815301076,1909f56bfc062723c751e8b465ee728b)
Start importing Assets/MyShader/sitting.controller using Guid(536de7c9e10570a45a5001cef9cdcc3a) Importer(815301076,1909f56bfc062723c751e8b465ee728b)  -> (artifact id: '687c2d0a3e53de80a4e00fbcdfaf24cc') in 0.122513 seconds 
  Import took 0.144049 seconds .

========================================================================
Received Prepare
Registering precompiled user dll's ...
Registered in 0.011356 seconds.
Begin MonoManager ReloadAssembly
Native extension for WindowsStandalone target not found
Native extension for WebGL target not found
Refreshing native plugins compatible for Editor in 1.54 ms, found 2 plugins.
Preloading 0 native plugins for Editor in 0.00 ms.
Mono: successfully reloaded assembly
- Completed reload, in  3.972 seconds
Domain Reload Profiling:
	ReloadAssembly (3973ms)
		BeginReloadAssembly (409ms)
			ExecutionOrderSort (0ms)
			DisableScriptedObjects (20ms)
			BackupInstance (0ms)
			ReleaseScriptingObjects (0ms)
			CreateAndSetChildDomain (141ms)
		EndReloadAssembly (3333ms)
			LoadAssemblies (324ms)
			RebuildTransferFunctionScriptingTraits (0ms)
			SetupTypeCache (1153ms)
			ReleaseScriptCaches (3ms)
			RebuildScriptCaches (165ms)
			SetupLoadedEditorAssemblies (1239ms)
				LogAssemblyErrors (0ms)
				InitializePlatformSupportModulesInManaged (24ms)
				SetLoadedEditorAssemblies (2ms)
				RefreshPlugins (2ms)
				BeforeProcessingInitializeOnLoad (670ms)
				ProcessInitializeOnLoadAttributes (525ms)
				ProcessInitializeOnLoadMethodAttributes (11ms)
				AfterProcessingInitializeOnLoad (4ms)
				EditorAssembliesLoaded (0ms)
			ExecutionOrderSort2 (0ms)
			AwakeInstancesAfterBackupRestoration (24ms)
Platform modules already initialized, skipping
Refreshing native plugins compatible for Editor in 1.49 ms, found 2 plugins.
Preloading 0 native plugins for Editor in 0.00 ms.
Unloading 2833 Unused Serialized files (Serialized files now loaded: 0)
System memory in use before: 143.4 MB.
System memory in use after: 143.7 MB.

Unloading 15 unused Assets to reduce memory usage. Loaded Objects now: 3545.
Total: 10.633400 ms (FindLiveObjects: 0.617500 ms CreateObjectMapping: 0.523000 ms MarkObjects: 9.418000 ms  DeleteObjects: 0.071000 ms)

AssetImportParameters requested are different than current active one (requested -> active):
  custom:framework-win-MediaFoundation: 216162199b28c13a410421893ffa2e32 -> 
  custom:video-decoder-ogg-theora: a1e56fd34408186e4bbccfd4996cb3dc -> 
  custom:container-muxer-webm: aa71ff27fc2769a1b78a27578f13a17b -> 
  custom:container-demuxer-webm: 4f35f7cbe854078d1ac9338744f61a02 -> 
  custom:container-demuxer-ogg: 62fdf1f143b41e24485cea50d1cbac27 -> 
  custom:video-encoder-webm-vp8: eb34c28f22e8b96e1ab97ce403110664 -> 
  custom:video-codec-MediaFoundation-h265: e54d7ab0439102e2317fc1e4b246158d -> 
  custom:video-decoder-webm-vp8: 9c59270c3fd7afecdb556c50c9e8de78 -> 
  custom:audio-decoder-ogg-vorbis: bf7c407c2cedff20999df2af8eb42d56 -> 
  custom:audio-encoder-webm-vorbis: bf7c407c2cedff20999df2af8eb42d56 -> 
========================================================================
Received Import Request.
  Time since last request: 103.086449 seconds.
  path: Assets/MyShader/Great Sword Slash.fbx
  artifactKey: Guid(66e8180d2b614c14c89a946d2886bfc3) Importer(815301076,1909f56bfc062723c751e8b465ee728b)
Start importing Assets/MyShader/Great Sword Slash.fbx using Guid(66e8180d2b614c14c89a946d2886bfc3) Importer(815301076,1909f56bfc062723c751e8b465ee728b)  -> (artifact id: 'b5eeb4c75954c03bd53bb552b60425d0') in 0.802627 seconds 
  Import took 0.819681 seconds .

========================================================================
Received Import Request.
  Time since last request: 10.444316 seconds.
  path: Assets/MyShader/Great Sword Slash.fbx
  artifactKey: Guid(66e8180d2b614c14c89a946d2886bfc3) Importer(815301076,1909f56bfc062723c751e8b465ee728b)
Start importing Assets/MyShader/Great Sword Slash.fbx using Guid(66e8180d2b614c14c89a946d2886bfc3) Importer(815301076,1909f56bfc062723c751e8b465ee728b)  -> (artifact id: 'db2e0187c82e5e9e80927da059f46e2a') in 0.107486 seconds 
  Import took 0.127656 seconds .

========================================================================
Received Import Request.
  Time since last request: 35.169979 seconds.
  path: Assets/MyShader/Great.controller
  artifactKey: Guid(5e0d2a97ca2a2224889f3958c328e861) Importer(815301076,1909f56bfc062723c751e8b465ee728b)
Start importing Assets/MyShader/Great.controller using Guid(5e0d2a97ca2a2224889f3958c328e861) Importer(815301076,1909f56bfc062723c751e8b465ee728b)  -> (artifact id: '8c7d74e1225b0cd904850bf3d7a4a012') in 0.028370 seconds 
  Import took 0.052968 seconds .

========================================================================
Received Import Request.
  Time since last request: 330.454449 seconds.
  path: Assets/MyShader/watermovement/watermovement.mat
  artifactKey: Guid(a8d38625ad210624c98e197c005aa0c8) Importer(815301076,1909f56bfc062723c751e8b465ee728b)
Start importing Assets/MyShader/watermovement/watermovement.mat using Guid(a8d38625ad210624c98e197c005aa0c8) Importer(815301076,1909f56bfc062723c751e8b465ee728b)  -> (artifact id: '7b1a0ce1f3f2a6614520ace0fa450390') in 0.080829 seconds 
  Import took 0.100276 seconds .

========================================================================
Received Import Request.
  Time since last request: 8.418195 seconds.
  path: Assets/MyShader/water2colors/water2colors.mat
  artifactKey: Guid(4977606ad65d70349b1a42ed49a17e9c) Importer(815301076,1909f56bfc062723c751e8b465ee728b)
Start importing Assets/MyShader/water2colors/water2colors.mat using Guid(4977606ad65d70349b1a42ed49a17e9c) Importer(815301076,1909f56bfc062723c751e8b465ee728b)  -> (artifact id: '377b0886287f9da18384d8ca79eb425e') in 0.054560 seconds 
  Import took 0.067643 seconds .

========================================================================
Received Prepare
Registering precompiled user dll's ...
Registered in 0.026595 seconds.
Begin MonoManager ReloadAssembly
Native extension for WindowsStandalone target not found
Native extension for WebGL target not found
Refreshing native plugins compatible for Editor in 2.74 ms, found 2 plugins.
Preloading 0 native plugins for Editor in 0.00 ms.
Mono: successfully reloaded assembly
- Completed reload, in  3.866 seconds
Domain Reload Profiling:
	ReloadAssembly (3868ms)
		BeginReloadAssembly (387ms)
			ExecutionOrderSort (0ms)
			DisableScriptedObjects (27ms)
			BackupInstance (0ms)
			ReleaseScriptingObjects (0ms)
			CreateAndSetChildDomain (130ms)
		EndReloadAssembly (3272ms)
			LoadAssemblies (318ms)
			RebuildTransferFunctionScriptingTraits (0ms)
			SetupTypeCache (1228ms)
			ReleaseScriptCaches (2ms)
			RebuildScriptCaches (145ms)
			SetupLoadedEditorAssemblies (1053ms)
				LogAssemblyErrors (0ms)
				InitializePlatformSupportModulesInManaged (23ms)
				SetLoadedEditorAssemblies (2ms)
				RefreshPlugins (3ms)
				BeforeProcessingInitializeOnLoad (319ms)
				ProcessInitializeOnLoadAttributes (668ms)
				ProcessInitializeOnLoadMethodAttributes (30ms)
				AfterProcessingInitializeOnLoad (8ms)
				EditorAssembliesLoaded (1ms)
			ExecutionOrderSort2 (0ms)
			AwakeInstancesAfterBackupRestoration (67ms)
Platform modules already initialized, skipping
Refreshing native plugins compatible for Editor in 1.48 ms, found 2 plugins.
Preloading 0 native plugins for Editor in 0.00 ms.
Unloading 2833 Unused Serialized files (Serialized files now loaded: 0)
System memory in use before: 143.6 MB.
System memory in use after: 143.9 MB.

Unloading 15 unused Assets to reduce memory usage. Loaded Objects now: 3583.
Total: 18.303800 ms (FindLiveObjects: 1.698500 ms CreateObjectMapping: 0.620000 ms MarkObjects: 15.904700 ms  DeleteObjects: 0.075800 ms)

AssetImportParameters requested are different than current active one (requested -> active):
  custom:framework-win-MediaFoundation: 216162199b28c13a410421893ffa2e32 -> 
  custom:video-decoder-ogg-theora: a1e56fd34408186e4bbccfd4996cb3dc -> 
  custom:container-muxer-webm: aa71ff27fc2769a1b78a27578f13a17b -> 
  custom:container-demuxer-webm: 4f35f7cbe854078d1ac9338744f61a02 -> 
  custom:container-demuxer-ogg: 62fdf1f143b41e24485cea50d1cbac27 -> 
  custom:video-encoder-webm-vp8: eb34c28f22e8b96e1ab97ce403110664 -> 
  custom:video-codec-MediaFoundation-h265: e54d7ab0439102e2317fc1e4b246158d -> 
  custom:video-decoder-webm-vp8: 9c59270c3fd7afecdb556c50c9e8de78 -> 
  custom:audio-decoder-ogg-vorbis: bf7c407c2cedff20999df2af8eb42d56 -> 
  custom:audio-encoder-webm-vorbis: bf7c407c2cedff20999df2af8eb42d56 -> 
========================================================================
Received Import Request.
  Time since last request: 457.367799 seconds.
  path: Assets/MyShader/dapthwater/depthWarter.mat
  artifactKey: Guid(d67cc458f88f3d44f89d099da32f2a48) Importer(815301076,1909f56bfc062723c751e8b465ee728b)
Start importing Assets/MyShader/dapthwater/depthWarter.mat using Guid(d67cc458f88f3d44f89d099da32f2a48) Importer(815301076,1909f56bfc062723c751e8b465ee728b)  -> (artifact id: 'abdcdb999d45ed1b2f72b6ebf962edcd') in 1.656464 seconds 
  Import took 1.672221 seconds .

========================================================================
Received Import Request.
  Time since last request: 17.663411 seconds.
  path: Assets/water2colorsMovement.shadergraph
  artifactKey: Guid(41fb08745c57c3944a0bb35caa8e023a) Importer(815301076,1909f56bfc062723c751e8b465ee728b)
Start importing Assets/water2colorsMovement.shadergraph using Guid(41fb08745c57c3944a0bb35caa8e023a) Importer(815301076,1909f56bfc062723c751e8b465ee728b)  -> (artifact id: '7d6f4f738c367464ad7a3aad8050b482') in 0.036383 seconds 
  Import took 0.049181 seconds .

========================================================================
Received Import Request.
  Time since last request: 28.288281 seconds.
  path: Assets/water2colormovement.shadergraph
  artifactKey: Guid(41fb08745c57c3944a0bb35caa8e023a) Importer(815301076,1909f56bfc062723c751e8b465ee728b)
Start importing Assets/water2colormovement.shadergraph using Guid(41fb08745c57c3944a0bb35caa8e023a) Importer(815301076,1909f56bfc062723c751e8b465ee728b)  -> (artifact id: 'a775de4a71730bb9ab2cb8547c130861') in 0.024662 seconds 
  Import took 0.038226 seconds .

========================================================================
Received Import Request.
  Time since last request: 228.248915 seconds.
  path: Assets/MyShader/water2colormovement.shadergraph
  artifactKey: Guid(41fb08745c57c3944a0bb35caa8e023a) Importer(815301076,1909f56bfc062723c751e8b465ee728b)
Start importing Assets/MyShader/water2colormovement.shadergraph using Guid(41fb08745c57c3944a0bb35caa8e023a) Importer(815301076,1909f56bfc062723c751e8b465ee728b)  -> (artifact id: 'a7dabfe8d0cc0f6d50e1bcb4b1b05230') in 0.012586 seconds 
  Import took 0.026872 seconds .

========================================================================
Received Import Request.
  Time since last request: 179.313367 seconds.
  path: Assets/MyShader/water2colormovment
  artifactKey: Guid(3647762e09376074f8c39330839e9985) Importer(815301076,1909f56bfc062723c751e8b465ee728b)
Start importing Assets/MyShader/water2colormovment using Guid(3647762e09376074f8c39330839e9985) Importer(815301076,1909f56bfc062723c751e8b465ee728b)  -> (artifact id: '21806c34b5010bad07f1d027d495a364') in 0.022419 seconds 
  Import took 0.046300 seconds .

========================================================================
Received Import Request.
  Time since last request: 49.497862 seconds.
  path: Assets/MyShader/model
  artifactKey: Guid(41760d756ebca9046b28f1c16aaedbd2) Importer(815301076,1909f56bfc062723c751e8b465ee728b)
Start importing Assets/MyShader/model using Guid(41760d756ebca9046b28f1c16aaedbd2) Importer(815301076,1909f56bfc062723c751e8b465ee728b)  -> (artifact id: 'e68a62bc42f4a73ce95f90c04dd1bc3e') in 0.019215 seconds 
  Import took 0.036484 seconds .

AssetImportWorkerClient::OnTransportError - code=2 error=End of file
